[debug] [2024-11-25T04:23:46.152Z] ----------------------------------------------------------------------
[debug] [2024-11-25T04:23:46.154Z] Command:       /usr/bin/node /usr/local/bin/firebase init
[debug] [2024-11-25T04:23:46.154Z] CLI Version:   13.27.0
[debug] [2024-11-25T04:23:46.155Z] Platform:      linux
[debug] [2024-11-25T04:23:46.155Z] Node Version:  v18.19.1
[debug] [2024-11-25T04:23:46.155Z] Time:          Mon Nov 25 2024 09:53:46 GMT+0530 (India Standard Time)
[debug] [2024-11-25T04:23:46.155Z] ----------------------------------------------------------------------
[debug] 
[debug] [2024-11-25T04:23:46.161Z] > command requires scopes: ["email","openid","https://www.googleapis.com/auth/cloudplatformprojects.readonly","https://www.googleapis.com/auth/firebase","https://www.googleapis.com/auth/cloud-platform"]
[debug] [2024-11-25T04:23:46.161Z] > authorizing via signed-in user (naveensri834@gmail.com)
[info] 
     ######## #### ########  ######## ########     ###     ######  ########
     ##        ##  ##     ## ##       ##     ##  ##   ##  ##       ##
     ######    ##  ########  ######   ########  #########  ######  ######
     ##        ##  ##    ##  ##       ##     ## ##     ##       ## ##
     ##       #### ##     ## ######## ########  ##     ##  ######  ########

You're about to initialize a Firebase project in this directory:

  /home/naveen/Workspace/WebDevelopment/07-PORTFOLIO

[info] 
=== Project Setup
[info] 
[info] First, let's associate this project directory with a Firebase project.
[info] You can create multiple project aliases by running firebase use --add, 
[info] but for now we'll just set up a default project.
[info] 
[debug] [2024-11-25T04:24:02.333Z] Checked if tokens are valid: true, expires at: 1732512214857
[debug] [2024-11-25T04:24:02.333Z] Checked if tokens are valid: true, expires at: 1732512214857
[debug] [2024-11-25T04:24:02.336Z] >>> [apiv2][query] GET https://firebase.googleapis.com/v1beta1/projects pageSize=100
[debug] [2024-11-25T04:24:03.121Z] <<< [apiv2][status] GET https://firebase.googleapis.com/v1beta1/projects 200
[debug] [2024-11-25T04:24:03.121Z] <<< [apiv2][body] GET https://firebase.googleapis.com/v1beta1/projects [omitted]
[info] i  Using project boobalamurugan-s (Portifolio) 
[info] 
=== Hosting Setup
[debug] [2024-11-25T04:24:05.074Z] Checked if tokens are valid: true, expires at: 1732512214857
[debug] [2024-11-25T04:24:05.074Z] Checked if tokens are valid: true, expires at: 1732512214857
[debug] [2024-11-25T04:24:05.074Z] >>> [apiv2][query] GET https://firebase.googleapis.com/v1beta1/projects/boobalamurugan-s [none]
[debug] [2024-11-25T04:24:05.674Z] <<< [apiv2][status] GET https://firebase.googleapis.com/v1beta1/projects/boobalamurugan-s 200
[debug] [2024-11-25T04:24:05.675Z] <<< [apiv2][body] GET https://firebase.googleapis.com/v1beta1/projects/boobalamurugan-s {"projectId":"boobalamurugan-s","projectNumber":"502632236645","displayName":"Portifolio","name":"projects/boobalamurugan-s","resources":{"hostingSite":"boobalamurugan-s"},"state":"ACTIVE","etag":"1_94608e9a-b522-4b8d-994b-37bf06b2dee0"}
[info] 
[info] Your public directory is the folder (relative to your project directory) that
[info] will contain Hosting assets to be uploaded with firebase deploy. If you
[info] have a build process for your assets, use your build's output directory.
[info] 
[debug] [2024-11-25T04:24:40.151Z] >>> [apiv2][query] GET https://www.gstatic.com/firebasejs/releases.json [none]
[debug] [2024-11-25T04:24:40.917Z] <<< [apiv2][status] GET https://www.gstatic.com/firebasejs/releases.json 200
[debug] [2024-11-25T04:24:40.917Z] <<< [apiv2][body] GET https://www.gstatic.com/firebasejs/releases.json {"current":{"version":"11.0.2","browserURL":"https://www.gstatic.com/firebasejs/11.0.2/firebase.js","packageURL":"https://www.gstatic.com/firebasejs/11.0.2/firebase.tgz"},"live":{"version":"11.0","browserURL":"https://www.gstatic.com/firebasejs/live/11.0/firebase.js","packageURL":"https://www.gstatic.com/firebasejs/live/11.0/firebase.tgz"},"components":{"analytics":"https://www.gstatic.com/firebasejs/11.0.2/firebase-analytics.js","app":"https://www.gstatic.com/firebasejs/11.0.2/firebase-app.js","app-check":"https://www.gstatic.com/firebasejs/11.0.2/firebase-app-check.js","auth":"https://www.gstatic.com/firebasejs/11.0.2/firebase-auth.js","auth/cordova":"https://www.gstatic.com/firebasejs/11.0.2/firebase-auth/cordova.js","auth/web-extension":"https://www.gstatic.com/firebasejs/11.0.2/firebase-auth/web-extension.js","functions":"https://www.gstatic.com/firebasejs/11.0.2/firebase-functions.js","firestore":"https://www.gstatic.com/firebasejs/11.0.2/firebase-firestore.js","firestore/lite":"https://www.gstatic.com/firebasejs/11.0.2/firebase-firestore/lite.js","installations":"https://www.gstatic.com/firebasejs/11.0.2/firebase-installations.js","storage":"https://www.gstatic.com/firebasejs/11.0.2/firebase-storage.js","performance":"https://www.gstatic.com/firebasejs/11.0.2/firebase-performance.js","remote-config":"https://www.gstatic.com/firebasejs/11.0.2/firebase-remote-config.js","messaging":"https://www.gstatic.com/firebasejs/11.0.2/firebase-messaging.js","messaging/sw":"https://www.gstatic.com/firebasejs/11.0.2/firebase-messaging/sw.js","database":"https://www.gstatic.com/firebasejs/11.0.2/firebase-database.js","vertexai":"https://www.gstatic.com/firebasejs/11.0.2/firebase-vertexai.js","data-connect":"https://www.gstatic.com/firebasejs/11.0.2/firebase-data-connect.js","firestore.memory":"https://www.gstatic.com/firebasejs/11.0.2/firebase-firestore.memory.js"}}
[info] ✔  Wrote public/index.html 
[info] 
[info] i  Didn't detect a .git folder. Assuming /home/naveen/Workspace/WebDevelopment/07-PORTFOLIO is the project root. 
[info] i  Authorizing with GitHub to upload your service account to a GitHub repository's secrets store. 
[info] 
[info] Visit this URL on this device to log in:
[info] https://github.com/login/oauth/authorize?client_id=89cf50f02ac6aaed3484&state=708595385&redirect_uri=http%3A%2F%2Flocalhost%3A9005&scope=read%3Auser%20repo%20public_repo
[info] 
[info] Waiting for authentication...
[debug] [2024-11-25T04:24:58.979Z] >>> [apiv2][query] POST https://github.com/login/oauth/access_token [none]
[debug] [2024-11-25T04:24:58.979Z] >>> [apiv2][body] POST https://github.com/login/oauth/access_token [stream]
[debug] [2024-11-25T04:24:59.651Z] <<< [apiv2][status] POST https://github.com/login/oauth/access_token 200
[debug] [2024-11-25T04:24:59.652Z] <<< [apiv2][body] POST https://github.com/login/oauth/access_token {"access_token":"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","token_type":"bearer","scope":"read:user,repo"}
[debug] [2024-11-25T04:24:59.668Z] >>> [apiv2][query] GET https://api.github.com/user [none]
[debug] [2024-11-25T04:25:00.940Z] <<< [apiv2][status] GET https://api.github.com/user 200
[debug] [2024-11-25T04:25:00.940Z] <<< [apiv2][body] GET https://api.github.com/user {"login":"Boobalamurugan","id":118203398,"node_id":"U_kgDOBwukBg","avatar_url":"https://avatars.githubusercontent.com/u/118203398?v=4","gravatar_id":"","url":"https://api.github.com/users/Boobalamurugan","html_url":"https://github.com/Boobalamurugan","followers_url":"https://api.github.com/users/Boobalamurugan/followers","following_url":"https://api.github.com/users/Boobalamurugan/following{/other_user}","gists_url":"https://api.github.com/users/Boobalamurugan/gists{/gist_id}","starred_url":"https://api.github.com/users/Boobalamurugan/starred{/owner}{/repo}","subscriptions_url":"https://api.github.com/users/Boobalamurugan/subscriptions","organizations_url":"https://api.github.com/users/Boobalamurugan/orgs","repos_url":"https://api.github.com/users/Boobalamurugan/repos","events_url":"https://api.github.com/users/Boobalamurugan/events{/privacy}","received_events_url":"https://api.github.com/users/Boobalamurugan/received_events","type":"User","user_view_type":"private","site_admin":false,"name":"Boobalamurugan S","company":"Knowledge Institute of Technology ","blog":"","location":"Salem, Tamil Nadu, India","email":null,"hireable":null,"bio":null,"twitter_username":null,"notification_email":null,"public_repos":8,"public_gists":0,"followers":2,"following":7,"created_at":"2022-11-14T16:22:58Z","updated_at":"2024-09-28T11:27:23Z","private_gists":2,"total_private_repos":2,"owned_private_repos":2,"disk_usage":1476177,"collaborators":2,"two_factor_authentication":false,"plan":{"name":"free","space":976562499,"collaborators":0,"private_repos":10000}}
[info] 
[info] ✔  Success! Logged into GitHub as Boobalamurugan 
[info] 
